[2025-06-05 07:30:00] USER: /weather
[2025-06-05 07:30:01] BOT: Погода в Кемерово:
Сейчас: 17.83°C, ясно
Ощущается как: 17.81°C
Ветер: 3 м/с
Влажность: 82%
[2025-06-05 07:30:05] USER: /weather
[2025-06-05 07:30:06] BOT: Погода в Кемерово:
Сейчас: 17.83°C, ясно
Ощущается как: 17.81°C
Ветер: 3 м/с
Влажность: 82%
[2025-06-05 07:30:07] USER: /weather
[2025-06-05 07:30:07] BOT: Погода в Кемерово:
Сейчас: 17.83°C, ясно
Ощущается как: 17.81°C
Ветер: 3 м/с
Влажность: 82%
[2025-06-05 07:30:11] USER: /current-weather
[2025-06-05 07:30:11] BOT: Погода в Кемерово сегодня по часам:

10:00: Небольшая облачность
19.67°C (ощущается как 19.68°C)
Ветер: 3.59 м/с

13:00: Небольшая облачность
23.71°C (ощущается как 23.76°C)
Ветер: 3.48 м/с

16:00: Переменная облачность
27.45°C (ощущается как 27.72°C)
Ветер: 3.63 м/с

19:00: Облачно с прояснениями
25.93°C (ощущается как 26.17°C)
Ветер: 2.17 м/с

22:00: Переменная облачность
20.15°C (ощущается как 20.15°C)
Ветер: 1.44 м/с


[2025-06-05 07:30:27] USER: /current-weather
[2025-06-05 07:30:27] BOT: Погода в Кемерово сегодня по часам:

10:00: Небольшая облачность
19.67°C (ощущается как 19.68°C)
Ветер: 3.59 м/с

13:00: Небольшая облачность
23.71°C (ощущается как 23.76°C)
Ветер: 3.48 м/с

16:00: Переменная облачность
27.45°C (ощущается как 27.72°C)
Ветер: 3.63 м/с

19:00: Облачно с прояснениями
25.93°C (ощущается как 26.17°C)
Ветер: 2.17 м/с

22:00: Переменная облачность
20.15°C (ощущается как 20.15°C)
Ветер: 1.44 м/с


[2025-06-05 07:30:28] USER: /schedule
[2025-06-05 07:30:28] BOT: Schedule keyboard
[2025-06-05 07:30:35] USER: /back
[2025-06-05 07:30:35] BOT: Start keyboard
[2025-06-05 07:30:36] USER: /schedule
[2025-06-05 07:30:36] BOT: Schedule keyboard
[2025-06-05 07:30:37] USER: /back
[2025-06-05 07:30:37] BOT: Start keyboard
[2025-06-05 07:30:45] USER: /schedule
[2025-06-05 07:30:45] BOT: Schedule keyboard
[2025-06-05 07:30:47] USER: /subscribe
[2025-06-05 07:30:47] BOT: Вы подписались на ежедневный почасовой прогноз
[2025-06-05 07:30:49] USER: /unsubscribe
[2025-06-05 07:30:49] BOT: Вы отписались от уведомлений
[2025-06-09 15:02:46] USER: /weather
[2025-06-09 15:02:46] BOT: Ошибка: can only concatenate str (not "NoneType") to str
[2025-06-09 15:03:35] USER: /weather
[2025-06-09 15:03:35] BOT: Погода в Кемерово:
Сейчас: 19.83°C, ясно
Ощущается как: 19.23°C
Ветер: 5 м/с
Влажность: 52%
[2025-06-09 15:04:49] USER: /weather
[2025-06-09 15:04:49] BOT: Ошибка: A request to the Telegram API was unsuccessful. Error code: 400. Description: Bad Request: message text is empty
[2025-06-09 15:04:55] USER: /weather
[2025-06-09 15:04:56] BOT: Ошибка: A request to the Telegram API was unsuccessful. Error code: 400. Description: Bad Request: message text is empty
[2025-06-09 15:06:05] USER: /weather
[2025-06-09 15:06:06] BOT: Погода в Кемерово:
Сейчас: 19.83°C, ясно
Ощущается как: 19.23°C
Ветер: 5 м/с
Влажность: 52%
[2025-06-09 15:07:34] USER: /weather
[2025-06-09 15:07:34] BOT: Погода в Кемерово:
Сейчас: 19.83°C, ясно
Ощущается как: 19.23°C
Ветер: 5 м/с
Влажность: 52%Рекомендации: Подойдёт лёгкая рубашка или футболка.

[2025-06-09 15:07:50] USER: /weather
[2025-06-09 15:07:50] BOT: Погода в Кемерово:
Сейчас: 19.83°C, ясно
Ощущается как: 19.23°C
Ветер: 5 м/с
Влажность: 52%
Рекомендации: Подойдёт лёгкая рубашка или футболка.

[2025-06-09 15:15:28] USER: /windmap
[2025-06-09 15:15:28] BOT: Карта ветров (OpenWeatherMap)
[2025-06-09 15:16:01] USER: /windmap
[2025-06-09 15:16:02] BOT: Карта ветров (OpenWeatherMap)
[2025-06-09 15:16:36] USER: /windmap
[2025-06-09 15:16:36] BOT: Карта ветров (OpenWeatherMap)
[2025-06-09 15:16:41] USER: /schedule
[2025-06-09 15:16:41] BOT: Schedule keyboard
[2025-06-09 15:16:43] USER: /subscribe
[2025-06-09 15:16:43] BOT: Вы подписались на ежедневный почасовой прогноз
[2025-06-09 15:16:45] USER: /unsubscribe
[2025-06-09 15:16:45] BOT: Вы отписались от уведомлений
[2025-06-09 15:16:46] USER: /back
[2025-06-09 15:16:46] BOT: Start keyboard
[2025-06-09 15:16:48] USER: /current-weather
[2025-06-09 15:16:48] BOT: Погода в Кемерово сегодня по часам:

16:00: Ясно
18.83°C (ощущается как 18.31°C)
Ветер: 5.12 м/с

19:00: Переменная облачность
19.17°C (ощущается как 18.71°C)
Ветер: 3.27 м/с

22:00: Переменная облачность
16.16°C (ощущается как 15.71°C)
Ветер: 1.57 м/с


[2025-06-09 15:16:50] USER: /weather
[2025-06-09 15:16:51] BOT: Погода в Кемерово:
Сейчас: 18.83°C, ясно
Ощущается как: 18.31°C
Ветер: 5 м/с
Влажность: 59%
Рекомендации сейчас: Подойдёт лёгкая рубашка или футболка.

[2025-06-09 15:18:44] USER: /current-weather
[2025-06-09 15:18:44] BOT: Погода в Кемерово сегодня по часам:

16:00: Ясно
18.83°C (ощущается как 18.31°C)
Ветер: 5.12 м/с

19:00: Переменная облачность
19.17°C (ощущается как 18.71°C)
Ветер: 3.27 м/с

22:00: Переменная облачность
16.16°C (ощущается как 15.71°C)
Ветер: 1.57 м/с


[2025-06-09 15:19:38] USER: /start
[2025-06-09 15:19:38] BOT: Start keyboard
[2025-06-09 15:19:46] USER: /weather
[2025-06-09 15:19:46] BOT: Используйте команды меню. Перейти к ним можно при помощи команд /start и /back.
[2025-06-09 15:20:10] USER: /start
[2025-06-09 15:20:11] BOT: Start keyboard
[2025-06-09 15:20:12] USER: /weather-today
[2025-06-09 15:20:13] BOT: Погода в Кемерово сегодня по часам:

16:00: Ясно
18.83°C (ощущается как 18.31°C)
Ветер: 5.12 м/с

19:00: Переменная облачность
19.17°C (ощущается как 18.71°C)
Ветер: 3.27 м/с

22:00: Переменная облачность
16.16°C (ощущается как 15.71°C)
Ветер: 1.57 м/с


[2025-06-09 15:20:15] USER: /current-weather
[2025-06-09 15:20:15] BOT: Используйте команды меню. Перейти к ним можно при помощи команд /start и /back.
[2025-06-09 15:20:28] USER: /current-weather
[2025-06-09 15:20:29] BOT: Погода в Кемерово:
Сейчас: 18.83°C, ясно
Ощущается как: 18.31°C
Ветер: 5 м/с
Влажность: 59%
Рекомендации сейчас: Подойдёт лёгкая рубашка или футболка.

[2025-06-09 15:20:34] USER: /windmap
[2025-06-09 15:20:34] BOT: Карта ветров (OpenWeatherMap)
[2025-06-11 13:45:53] USER: /start
[2025-06-11 13:45:53] BOT: Start keyboard
[2025-06-11 13:45:56] USER: /weather-today
[2025-06-11 13:45:56] BOT: Погода в Кемерово сегодня по часам:

16:00: Дождь
20.04°C (ощущается как 20.53°C)
Ветер: 5.77 м/с

19:00: Небольшой дождь
21°C (ощущается как 21.35°C)
Ветер: 1.19 м/с

22:00: Небольшой дождь
17.99°C (ощущается как 18.04°C)
Ветер: 0.8 м/с


[2025-06-11 13:45:59] USER: /current-weather
[2025-06-11 13:46:00] BOT: Погода в Кемерово:
Сейчас: 18.83°C, дождь
Ощущается как: 19.38°C
Ветер: 3 м/с
Влажность: 100%
Рекомендации сейчас: Подойдёт лёгкая рубашка или футболка.
Не забудьте взять зонт!

[2025-06-11 13:46:09] USER: /schedule
[2025-06-11 13:46:10] BOT: Schedule keyboard
[2025-06-11 13:46:12] USER: /subscribe
[2025-06-11 13:46:12] BOT: Вы подписались на ежедневный почасовой прогноз
[2025-06-11 13:46:14] USER: /schedule-test
[2025-06-11 13:46:14] BOT: Вы подписались на ежедневный почасовой прогноз
[2025-06-11 13:46:36] USER: /schedule-test-stop
[2025-06-11 13:46:36] BOT: Вы подписались на ежедневный почасовой прогноз
[2025-06-11 14:33:34] USER: /back
[2025-06-11 14:33:35] BOT: Start keyboard
[2025-06-11 14:33:38] USER: /weather-today
[2025-06-11 14:33:39] BOT: Погода в Кемерово сегодня по часам:

16:00: Дождь
19.83°C (ощущается как 20.32°C)
Ветер: 5.77 м/с

19:00: Небольшой дождь
20.58°C (ощущается как 20.99°C)
Ветер: 1.19 м/с

22:00: Небольшой дождь
18.6°C (ощущается как 18.79°C)
Ветер: 0.8 м/с


[2025-06-11 14:33:41] USER: /current-weather
[2025-06-11 14:33:41] BOT: Погода в Кемерово:
Сейчас: 19.83°C, дождь
Ощущается как: 20.32°C
Ветер: 3 м/с
Влажность: 94%
Рекомендации сейчас: Подойдёт лёгкая рубашка или футболка.
Не забудьте взять зонт!

[2025-06-11 14:33:43] USER: /schedule
[2025-06-11 14:33:44] BOT: Schedule keyboard
[2025-06-11 14:33:47] USER: /unsubscribe
[2025-06-11 14:33:49] USER: /subscribe
[2025-06-11 14:33:49] BOT: Вы подписались на ежедневный почасовой прогноз
[2025-06-11 14:33:50] USER: /unsubscribe
[2025-06-11 14:33:51] BOT: Вы отписались от уведомлений
[2025-06-11 14:33:54] USER: /back
[2025-06-11 14:33:54] BOT: Start keyboard
[2025-06-11 14:40:04] USER: /schedule
[2025-06-11 14:40:04] BOT: Schedule keyboard
[2025-06-11 14:40:06] USER: /back
[2025-06-11 14:40:06] BOT: Вы на главной клавиатуре бота по поиску погоды в городе Кемерово:
Основные функции: 
Погода сейчас - подробное описание текущей погоды, а также рекомендации по выбору соответствующей одежды.
Погода сегодня - расписание погоды на весь день. 
Расписание - возможность подписки на ежедневную рассылку информации о погоде 
Карта ветров - для просмотра текущей активности ветра в регионе 

[2025-06-11 14:43:46] USER: /schedule
[2025-06-11 14:43:47] BOT: Schedule keyboard
[2025-06-11 14:43:49] USER: /back
[2025-06-11 14:43:49] BOT: Вы на главной клавиатуре бота по поиску погоды в городе Кемерово:
Основные функции: 
Погода сейчас - подробное описание текущей погоды, а также рекомендации по выбору соответствующей одежды.
Погода сегодня - расписание погоды на весь день. 
Расписание - возможность подписки на ежедневную рассылку информации о погоде 
Карта ветров - для просмотра текущей активности ветра в регионе 

[2025-06-11 14:43:50] USER: /schedule
[2025-06-11 14:43:50] BOT: Schedule keyboard
[2025-06-11 14:44:22] USER: /back
[2025-06-11 14:44:23] BOT: Вы на главной клавиатуре бота по поиску погоды в городе Кемерово:
Основные функции: 
Погода сейчас - подробное описание текущей погоды, а также рекомендации по выбору соответствующей одежды.
Погода сегодня - расписание погоды на весь день. 
Расписание - возможность подписки на ежедневную рассылку информации о погоде 
Карта ветров - для просмотра текущей активности ветра в регионе 

[2025-06-11 14:44:25] USER: /schedule
[2025-06-11 14:44:25] BOT: Вы на экране ежедневной подписки:
Основные функции: 
Подписка/отписка на ежедневную рассылку погоды.
ТЕСТ ПОДПИСКИ

[2025-06-11 14:44:31] USER: /back
[2025-06-11 14:44:31] BOT: Вы на главной клавиатуре бота по поиску погоды в городе Кемерово:
Основные функции: 
Погода сейчас - подробное описание текущей погоды, а также рекомендации по выбору соответствующей одежды.
Погода сегодня - расписание погоды на весь день. 
Расписание - возможность подписки на ежедневную рассылку информации о погоде 
Карта ветров - для просмотра текущей активности ветра в регионе 

[2025-06-11 14:44:32] USER: /windmap
[2025-06-11 14:44:33] BOT: Карта ветров (OpenWeatherMap)
[2025-06-11 14:44:35] USER: /current-weather
[2025-06-11 14:44:36] BOT: Погода в Кемерово:
Сейчас: 19.83°C, дождь
Ощущается как: 20.32°C
Ветер: 3 м/с
Влажность: 94%
Рекомендации сейчас: Подойдёт лёгкая рубашка или футболка.
Не забудьте взять зонт!

[2025-06-11 14:49:21] USER: /weather-today
[2025-06-11 14:49:21] BOT: Погода в Кемерово сегодня по часам:

16:00: Дождь
19.83°C (ощущается как 20.32°C)
Ветер: 5.77 м/с

19:00: Небольшой дождь
20.58°C (ощущается как 20.99°C)
Ветер: 1.19 м/с

22:00: Небольшой дождь
18.6°C (ощущается как 18.79°C)
Ветер: 0.8 м/с


[2025-06-11 14:49:23] USER: /current-weather
[2025-06-11 14:49:23] BOT: Погода в Кемерово:
Сейчас: 19.83°C, дождь
Ощущается как: 20.32°C
Ветер: 3 м/с
Влажность: 94%
Рекомендации сейчас: Подойдёт лёгкая рубашка или футболка.
Не забудьте взять зонт!

[2025-06-11 15:11:20] USER: /start
[2025-06-11 15:11:21] BOT: Вы на главной клавиатуре бота по поиску погоды в городе Кемерово:
Основные функции: 
Погода сейчас - подробное описание текущей погоды, а также рекомендации по выбору соответствующей одежды.
Погода сегодня - расписание погоды на весь день. 
Расписание - возможность подписки на ежедневную рассылку информации о погоде 
Карта ветров - для просмотра текущей активности ветра в регионе 

[2025-06-11 15:12:12] USER: /weather-today
[2025-06-11 15:12:13] BOT: Погода в Кемерово сегодня по часам:

16:00: Дождь
20.83°C (ощущается как 21.42°C)
Ветер: 5.77 м/с

19:00: Небольшой дождь
21.25°C (ощущается как 21.73°C)
Ветер: 1.19 м/с

22:00: Небольшой дождь
18.94°C (ощущается как 19.16°C)
Ветер: 0.8 м/с


[2025-06-11 15:12:46] USER: /weather
[2025-06-11 15:12:47] BOT: Используйте команды меню. Перейти к ним можно при помощи команд /start и /back.
[2025-06-11 15:12:52] USER: /weather
[2025-06-11 15:12:52] BOT: Используйте команды меню. Перейти к ним можно при помощи команд /start и /back.
[2025-06-11 15:12:53] USER: /weather-today
[2025-06-11 15:12:53] BOT: Погода в Кемерово сегодня по часам:

16:00: Дождь
20.83°C (ощущается как 21.42°C)
Ветер: 5.77 м/с

19:00: Небольшой дождь
21.25°C (ощущается как 21.73°C)
Ветер: 1.19 м/с

22:00: Небольшой дождь
18.94°C (ощущается как 19.16°C)
Ветер: 0.8 м/с


[2025-06-11 15:13:09] USER: /current-weather
[2025-06-11 15:13:10] BOT: Погода в Кемерово:
Сейчас: 20.83°C, дождь
Ощущается как: 21.42°C
Ветер: 3 м/с
Влажность: 94%
Рекомендации сейчас: Подойдёт лёгкая рубашка или футболка.
Не забудьте взять зонт!

[2025-06-11 15:14:07] USER: /current-weather
[2025-06-11 15:14:07] BOT: Погода в Кемерово:
Сейчас: 20.83°C, дождь
Ощущается как: 21.42°C
Ветер: 3 м/с
Влажность: 94%
Рекомендации сейчас: Подойдёт лёгкая рубашка или футболка.
Не забудьте взять зонт!

[2025-06-11 15:14:31] USER: /windmap
[2025-06-11 15:14:31] BOT: Карта ветров (OpenWeatherMap)
[2025-06-11 15:14:39] USER: /schedule
[2025-06-11 15:14:39] BOT: Вы на экране ежедневной подписки:
Основные функции: 
Подписка/отписка на ежедневную рассылку погоды.
ТЕСТ ПОДПИСКИ

[2025-06-11 15:14:55] USER: /subscribe
[2025-06-11 15:14:55] BOT: Вы подписались на ежедневный прогноз погоды
[2025-06-11 15:14:56] USER: /unsubscribe
[2025-06-11 15:14:56] BOT: Вы отписались от уведомлений
[2025-06-11 15:14:57] USER: /schedule-test
[2025-06-11 15:14:57] BOT: Ошибка: 'function' object has no attribute 'add_job'
[2025-06-11 15:14:58] USER: /schedule-test
[2025-06-11 15:14:58] BOT: Ошибка: 'function' object has no attribute 'add_job'
[2025-06-11 15:16:58] USER: /schedule-test
[2025-06-11 15:16:58] BOT: Вы подписались на ежедневный прогноз будет показываться каждые 10 секунд
[2025-06-11 15:16:59] USER: /back
[2025-06-11 15:17:00] BOT: Вы на главной клавиатуре бота по поиску погоды в городе Кемерово:
Основные функции: 
Погода сейчас - подробное описание текущей погоды, а также рекомендации по выбору соответствующей одежды.
Погода сегодня - расписание погоды на весь день. 
Расписание - возможность подписки на ежедневную рассылку информации о погоде 
Карта ветров - для просмотра текущей активности ветра в регионе 

[2025-06-11 15:17:02] USER: /schedule
[2025-06-11 15:17:02] BOT: Вы на экране ежедневной подписки:
Основные функции: 
Подписка/отписка на ежедневную рассылку погоды.
ТЕСТ ПОДПИСКИ

[2025-06-11 15:17:04] USER: /schedule-test
[2025-06-11 15:17:04] BOT: Ошибка: 'Job identifier (test) conflicts with an existing job'
[2025-06-11 15:17:05] USER: /schedule-test
[2025-06-11 15:17:05] BOT: Ошибка: 'Job identifier (test) conflicts with an existing job'
[2025-06-11 15:17:15] USER: /back
[2025-06-11 15:17:15] BOT: Вы на главной клавиатуре бота по поиску погоды в городе Кемерово:
Основные функции: 
Погода сейчас - подробное описание текущей погоды, а также рекомендации по выбору соответствующей одежды.
Погода сегодня - расписание погоды на весь день. 
Расписание - возможность подписки на ежедневную рассылку информации о погоде 
Карта ветров - для просмотра текущей активности ветра в регионе 

[2025-06-11 15:17:17] USER: /schedule
[2025-06-11 15:17:17] BOT: Вы на экране ежедневной подписки:
Основные функции: 
Подписка/отписка на ежедневную рассылку погоды.
ТЕСТ ПОДПИСКИ

[2025-06-11 15:17:19] USER: /subscribe
[2025-06-11 15:17:19] BOT: Вы подписались на ежедневный прогноз погоды
[2025-06-11 15:17:20] USER: /unsubscribe
[2025-06-11 15:17:20] BOT: Вы отписались от уведомлений
[2025-06-11 15:17:22] USER: /subscribe
[2025-06-11 15:17:22] BOT: Вы подписались на ежедневный прогноз погоды
[2025-06-11 15:17:23] USER: /schedule-test
[2025-06-11 15:17:23] BOT: Вы подписались на ежедневный прогноз будет показываться каждые 10 секунд
[2025-06-11 15:17:35] USER: /schedule-test-stop
[2025-06-11 15:17:35] BOT: Тест ежедневного прогноза окончен
